<?xml version="1.0" encoding="UTF-8"?>
<coverage generated="1680327641557" clover="3.2.0">
  <project timestamp="1680327641557" name="All files">
    <metrics statements="89" coveredstatements="78" conditionals="30" coveredconditionals="25" methods="11" coveredmethods="10" elements="130" coveredelements="113" complexity="0" loc="89" ncloc="89" packages="1" files="1" classes="1"/>
    <file name="linked-list.js" path="/Users/curlybraces/Documents/dsa/linked-list.js">
      <metrics statements="89" coveredstatements="78" conditionals="30" coveredconditionals="25" methods="11" coveredmethods="10"/>
      <line num="3" count="18" type="stmt"/>
      <line num="4" count="18" type="stmt"/>
      <line num="8" count="53" type="stmt"/>
      <line num="9" count="53" type="stmt"/>
      <line num="10" count="53" type="stmt"/>
      <line num="14" count="13" type="cond" truecount="4" falsecount="0"/>
      <line num="16" count="7" type="stmt"/>
      <line num="17" count="7" type="stmt"/>
      <line num="18" count="8" type="stmt"/>
      <line num="20" count="7" type="stmt"/>
      <line num="24" count="2" type="stmt"/>
      <line num="25" count="2" type="stmt"/>
      <line num="29" count="4" type="cond" truecount="2" falsecount="0"/>
      <line num="30" count="3" type="stmt"/>
      <line num="31" count="3" type="cond" truecount="2" falsecount="0"/>
      <line num="33" count="1" type="stmt"/>
      <line num="34" count="1" type="stmt"/>
      <line num="38" count="4" type="cond" truecount="2" falsecount="0"/>
      <line num="39" count="3" type="stmt"/>
      <line num="40" count="3" type="cond" truecount="2" falsecount="0"/>
      <line num="41" count="1" type="stmt"/>
      <line num="42" count="1" type="stmt"/>
      <line num="73" count="1" type="stmt"/>
      <line num="74" count="1" type="stmt"/>
      <line num="75" count="1" type="stmt"/>
      <line num="76" count="1" type="stmt"/>
      <line num="77" count="1" type="stmt"/>
      <line num="78" count="1" type="stmt"/>
      <line num="80" count="1" type="stmt"/>
      <line num="82" count="1" type="stmt"/>
      <line num="83" count="7" type="cond" truecount="2" falsecount="0"/>
      <line num="84" count="3" type="cond" truecount="2" falsecount="0"/>
      <line num="85" count="1" type="stmt"/>
      <line num="86" count="1" type="stmt"/>
      <line num="88" count="2" type="stmt"/>
      <line num="89" count="2" type="stmt"/>
      <line num="91" count="4" type="cond" truecount="2" falsecount="0"/>
      <line num="92" count="2" type="cond" truecount="2" falsecount="0"/>
      <line num="93" count="1" type="stmt"/>
      <line num="94" count="1" type="stmt"/>
      <line num="96" count="1" type="stmt"/>
      <line num="97" count="1" type="stmt"/>
      <line num="100" count="2" type="cond" truecount="2" falsecount="0"/>
      <line num="101" count="1" type="stmt"/>
      <line num="102" count="1" type="stmt"/>
      <line num="104" count="1" type="stmt"/>
      <line num="105" count="1" type="stmt"/>
      <line num="108" count="7" type="stmt"/>
      <line num="111" count="1" type="cond" truecount="1" falsecount="1"/>
      <line num="112" count="0" type="cond" truecount="0" falsecount="2"/>
      <line num="113" count="0" type="stmt"/>
      <line num="115" count="0" type="stmt"/>
      <line num="116" count="0" type="stmt"/>
      <line num="120" count="1" type="cond" truecount="1" falsecount="1"/>
      <line num="121" count="0" type="stmt"/>
      <line num="123" count="1" type="stmt"/>
      <line num="124" count="1" type="stmt"/>
      <line num="127" count="1" type="cond" truecount="1" falsecount="1"/>
      <line num="128" count="1" type="stmt"/>
      <line num="131" count="1" type="stmt"/>
      <line num="135" count="0" type="stmt"/>
      <line num="136" count="0" type="stmt"/>
      <line num="137" count="0" type="stmt"/>
      <line num="138" count="0" type="stmt"/>
      <line num="139" count="0" type="stmt"/>
      <line num="141" count="0" type="stmt"/>
      <line num="153" count="1" type="stmt"/>
      <line num="154" count="1" type="stmt"/>
      <line num="155" count="1" type="stmt"/>
      <line num="156" count="1" type="stmt"/>
      <line num="158" count="1" type="stmt"/>
      <line num="159" count="3" type="stmt"/>
      <line num="160" count="3" type="stmt"/>
      <line num="162" count="1" type="stmt"/>
      <line num="163" count="3" type="stmt"/>
      <line num="164" count="3" type="stmt"/>
      <line num="166" count="1" type="stmt"/>
      <line num="167" count="1" type="stmt"/>
      <line num="169" count="1" type="stmt"/>
      <line num="170" count="1" type="stmt"/>
      <line num="172" count="1" type="stmt"/>
      <line num="177" count="54" type="stmt"/>
      <line num="178" count="54" type="stmt"/>
      <line num="182" count="1" type="stmt"/>
      <line num="183" count="17" type="stmt"/>
      <line num="184" count="17" type="stmt"/>
      <line num="185" count="50" type="stmt"/>
      <line num="187" count="17" type="stmt"/>
      <line num="190" count="1" type="stmt"/>
    </file>
  </project>
</coverage>
