{"/Users/curlybraces/Documents/dsa/linked-list.js": {"path":"/Users/curlybraces/Documents/dsa/linked-list.js","statementMap":{"0":{"start":{"line":3,"column":2},"end":{"line":3,"column":19}},"1":{"start":{"line":4,"column":2},"end":{"line":4,"column":18}},"2":{"start":{"line":8,"column":18},"end":{"line":8,"column":53}},"3":{"start":{"line":9,"column":2},"end":{"line":9,"column":22}},"4":{"start":{"line":10,"column":2},"end":{"line":10,"column":16}},"5":{"start":{"line":14,"column":2},"end":{"line":14,"column":53}},"6":{"start":{"line":14,"column":41},"end":{"line":14,"column":53}},"7":{"start":{"line":16,"column":16},"end":{"line":16,"column":25}},"8":{"start":{"line":17,"column":2},"end":{"line":19,"column":3}},"9":{"start":{"line":17,"column":15},"end":{"line":17,"column":16}},"10":{"start":{"line":18,"column":3},"end":{"line":18,"column":26}},"11":{"start":{"line":20,"column":2},"end":{"line":20,"column":17}},"12":{"start":{"line":24,"column":2},"end":{"line":24,"column":29}},"13":{"start":{"line":25,"column":2},"end":{"line":25,"column":16}},"14":{"start":{"line":29,"column":2},"end":{"line":29,"column":51}},"15":{"start":{"line":29,"column":19},"end":{"line":29,"column":51}},"16":{"start":{"line":30,"column":15},"end":{"line":30,"column":41}},"17":{"start":{"line":31,"column":2},"end":{"line":31,"column":33}},"18":{"start":{"line":31,"column":21},"end":{"line":31,"column":33}},"19":{"start":{"line":33,"column":2},"end":{"line":33,"column":51}},"20":{"start":{"line":34,"column":2},"end":{"line":34,"column":16}},"21":{"start":{"line":38,"column":2},"end":{"line":38,"column":44}},"22":{"start":{"line":38,"column":19},"end":{"line":38,"column":44}},"23":{"start":{"line":39,"column":15},"end":{"line":39,"column":41}},"24":{"start":{"line":40,"column":2},"end":{"line":40,"column":33}},"25":{"start":{"line":40,"column":21},"end":{"line":40,"column":33}},"26":{"start":{"line":41,"column":2},"end":{"line":41,"column":29}},"27":{"start":{"line":42,"column":2},"end":{"line":42,"column":16}},"28":{"start":{"line":73,"column":20},"end":{"line":73,"column":24}},"29":{"start":{"line":74,"column":18},"end":{"line":74,"column":22}},"30":{"start":{"line":75,"column":19},"end":{"line":75,"column":23}},"31":{"start":{"line":76,"column":17},"end":{"line":76,"column":21}},"32":{"start":{"line":77,"column":19},"end":{"line":77,"column":23}},"33":{"start":{"line":78,"column":17},"end":{"line":78,"column":21}},"34":{"start":{"line":80,"column":13},"end":{"line":80,"column":22}},"35":{"start":{"line":82,"column":2},"end":{"line":109,"column":3}},"36":{"start":{"line":83,"column":3},"end":{"line":107,"column":4}},"37":{"start":{"line":84,"column":4},"end":{"line":90,"column":5}},"38":{"start":{"line":85,"column":5},"end":{"line":85,"column":24}},"39":{"start":{"line":86,"column":5},"end":{"line":86,"column":29}},"40":{"start":{"line":88,"column":5},"end":{"line":88,"column":27}},"41":{"start":{"line":89,"column":5},"end":{"line":89,"column":22}},"42":{"start":{"line":91,"column":10},"end":{"line":107,"column":4}},"43":{"start":{"line":92,"column":4},"end":{"line":98,"column":5}},"44":{"start":{"line":93,"column":5},"end":{"line":93,"column":23}},"45":{"start":{"line":94,"column":5},"end":{"line":94,"column":27}},"46":{"start":{"line":96,"column":5},"end":{"line":96,"column":26}},"47":{"start":{"line":97,"column":5},"end":{"line":97,"column":21}},"48":{"start":{"line":100,"column":4},"end":{"line":106,"column":5}},"49":{"start":{"line":101,"column":5},"end":{"line":101,"column":23}},"50":{"start":{"line":102,"column":5},"end":{"line":102,"column":27}},"51":{"start":{"line":104,"column":5},"end":{"line":104,"column":26}},"52":{"start":{"line":105,"column":5},"end":{"line":105,"column":21}},"53":{"start":{"line":108,"column":3},"end":{"line":108,"column":20}},"54":{"start":{"line":111,"column":2},"end":{"line":118,"column":3}},"55":{"start":{"line":112,"column":3},"end":{"line":117,"column":4}},"56":{"start":{"line":113,"column":4},"end":{"line":113,"column":22}},"57":{"start":{"line":115,"column":4},"end":{"line":115,"column":31}},"58":{"start":{"line":116,"column":4},"end":{"line":116,"column":22}},"59":{"start":{"line":120,"column":2},"end":{"line":125,"column":3}},"60":{"start":{"line":121,"column":3},"end":{"line":121,"column":31}},"61":{"start":{"line":123,"column":3},"end":{"line":123,"column":31}},"62":{"start":{"line":124,"column":3},"end":{"line":124,"column":30}},"63":{"start":{"line":127,"column":2},"end":{"line":129,"column":3}},"64":{"start":{"line":128,"column":3},"end":{"line":128,"column":24}},"65":{"start":{"line":131,"column":2},"end":{"line":131,"column":21}},"66":{"start":{"line":135,"column":15},"end":{"line":135,"column":17}},"67":{"start":{"line":136,"column":16},"end":{"line":136,"column":25}},"68":{"start":{"line":137,"column":2},"end":{"line":140,"column":3}},"69":{"start":{"line":138,"column":3},"end":{"line":138,"column":44}},"70":{"start":{"line":139,"column":3},"end":{"line":139,"column":26}},"71":{"start":{"line":141,"column":2},"end":{"line":141,"column":31}},"72":{"start":{"line":153,"column":16},"end":{"line":153,"column":25}},"73":{"start":{"line":154,"column":16},"end":{"line":154,"column":25}},"74":{"start":{"line":155,"column":18},"end":{"line":155,"column":20}},"75":{"start":{"line":156,"column":18},"end":{"line":156,"column":20}},"76":{"start":{"line":158,"column":1},"end":{"line":161,"column":2}},"77":{"start":{"line":159,"column":2},"end":{"line":159,"column":34}},"78":{"start":{"line":160,"column":2},"end":{"line":160,"column":27}},"79":{"start":{"line":162,"column":1},"end":{"line":165,"column":2}},"80":{"start":{"line":163,"column":2},"end":{"line":163,"column":34}},"81":{"start":{"line":164,"column":2},"end":{"line":164,"column":27}},"82":{"start":{"line":166,"column":16},"end":{"line":166,"column":55}},"83":{"start":{"line":167,"column":16},"end":{"line":167,"column":55}},"84":{"start":{"line":169,"column":13},"end":{"line":169,"column":28}},"85":{"start":{"line":170,"column":16},"end":{"line":170,"column":52}},"86":{"start":{"line":172,"column":1},"end":{"line":172,"column":41}},"87":{"start":{"line":177,"column":2},"end":{"line":177,"column":21}},"88":{"start":{"line":178,"column":2},"end":{"line":178,"column":19}},"89":{"start":{"line":182,"column":0},"end":{"line":188,"column":2}},"90":{"start":{"line":183,"column":12},"end":{"line":183,"column":28}},"91":{"start":{"line":184,"column":1},"end":{"line":186,"column":2}},"92":{"start":{"line":184,"column":14},"end":{"line":184,"column":31}},"93":{"start":{"line":185,"column":2},"end":{"line":185,"column":29}},"94":{"start":{"line":187,"column":1},"end":{"line":187,"column":11}},"95":{"start":{"line":190,"column":0},"end":{"line":190,"column":48}}},"fnMap":{"0":{"name":"(anonymous_0)","decl":{"start":{"line":2,"column":1},"end":{"line":2,"column":2}},"loc":{"start":{"line":2,"column":15},"end":{"line":5,"column":2}},"line":2},"1":{"name":"(anonymous_1)","decl":{"start":{"line":7,"column":1},"end":{"line":7,"column":2}},"loc":{"start":{"line":7,"column":20},"end":{"line":11,"column":2}},"line":7},"2":{"name":"(anonymous_2)","decl":{"start":{"line":13,"column":1},"end":{"line":13,"column":2}},"loc":{"start":{"line":13,"column":19},"end":{"line":21,"column":2}},"line":13},"3":{"name":"(anonymous_3)","decl":{"start":{"line":23,"column":1},"end":{"line":23,"column":2}},"loc":{"start":{"line":23,"column":14},"end":{"line":26,"column":2}},"line":23},"4":{"name":"(anonymous_4)","decl":{"start":{"line":28,"column":1},"end":{"line":28,"column":2}},"loc":{"start":{"line":28,"column":29},"end":{"line":35,"column":2}},"line":28},"5":{"name":"(anonymous_5)","decl":{"start":{"line":37,"column":1},"end":{"line":37,"column":2}},"loc":{"start":{"line":37,"column":22},"end":{"line":43,"column":2}},"line":37},"6":{"name":"(anonymous_6)","decl":{"start":{"line":72,"column":1},"end":{"line":72,"column":2}},"loc":{"start":{"line":72,"column":14},"end":{"line":132,"column":2}},"line":72},"7":{"name":"(anonymous_7)","decl":{"start":{"line":134,"column":1},"end":{"line":134,"column":2}},"loc":{"start":{"line":134,"column":9},"end":{"line":142,"column":2}},"line":134},"8":{"name":"sumListReverse","decl":{"start":{"line":152,"column":9},"end":{"line":152,"column":23}},"loc":{"start":{"line":152,"column":36},"end":{"line":173,"column":1}},"line":152},"9":{"name":"(anonymous_9)","decl":{"start":{"line":176,"column":1},"end":{"line":176,"column":2}},"loc":{"start":{"line":176,"column":26},"end":{"line":179,"column":2}},"line":176},"10":{"name":"(anonymous_10)","decl":{"start":{"line":182,"column":24},"end":{"line":182,"column":25}},"loc":{"start":{"line":182,"column":45},"end":{"line":188,"column":1}},"line":182}},"branchMap":{"0":{"loc":{"start":{"line":14,"column":2},"end":{"line":14,"column":53}},"type":"if","locations":[{"start":{"line":14,"column":2},"end":{"line":14,"column":53}},{"start":{},"end":{}}],"line":14},"1":{"loc":{"start":{"line":14,"column":6},"end":{"line":14,"column":39}},"type":"binary-expr","locations":[{"start":{"line":14,"column":6},"end":{"line":14,"column":15}},{"start":{"line":14,"column":19},"end":{"line":14,"column":39}}],"line":14},"2":{"loc":{"start":{"line":29,"column":2},"end":{"line":29,"column":51}},"type":"if","locations":[{"start":{"line":29,"column":2},"end":{"line":29,"column":51}},{"start":{},"end":{}}],"line":29},"3":{"loc":{"start":{"line":31,"column":2},"end":{"line":31,"column":33}},"type":"if","locations":[{"start":{"line":31,"column":2},"end":{"line":31,"column":33}},{"start":{},"end":{}}],"line":31},"4":{"loc":{"start":{"line":38,"column":2},"end":{"line":38,"column":44}},"type":"if","locations":[{"start":{"line":38,"column":2},"end":{"line":38,"column":44}},{"start":{},"end":{}}],"line":38},"5":{"loc":{"start":{"line":40,"column":2},"end":{"line":40,"column":33}},"type":"if","locations":[{"start":{"line":40,"column":2},"end":{"line":40,"column":33}},{"start":{},"end":{}}],"line":40},"6":{"loc":{"start":{"line":83,"column":3},"end":{"line":107,"column":4}},"type":"if","locations":[{"start":{"line":83,"column":3},"end":{"line":107,"column":4}},{"start":{"line":91,"column":10},"end":{"line":107,"column":4}}],"line":83},"7":{"loc":{"start":{"line":84,"column":4},"end":{"line":90,"column":5}},"type":"if","locations":[{"start":{"line":84,"column":4},"end":{"line":90,"column":5}},{"start":{"line":87,"column":11},"end":{"line":90,"column":5}}],"line":84},"8":{"loc":{"start":{"line":91,"column":10},"end":{"line":107,"column":4}},"type":"if","locations":[{"start":{"line":91,"column":10},"end":{"line":107,"column":4}},{"start":{"line":99,"column":10},"end":{"line":107,"column":4}}],"line":91},"9":{"loc":{"start":{"line":92,"column":4},"end":{"line":98,"column":5}},"type":"if","locations":[{"start":{"line":92,"column":4},"end":{"line":98,"column":5}},{"start":{"line":95,"column":11},"end":{"line":98,"column":5}}],"line":92},"10":{"loc":{"start":{"line":100,"column":4},"end":{"line":106,"column":5}},"type":"if","locations":[{"start":{"line":100,"column":4},"end":{"line":106,"column":5}},{"start":{"line":103,"column":11},"end":{"line":106,"column":5}}],"line":100},"11":{"loc":{"start":{"line":111,"column":2},"end":{"line":118,"column":3}},"type":"if","locations":[{"start":{"line":111,"column":2},"end":{"line":118,"column":3}},{"start":{},"end":{}}],"line":111},"12":{"loc":{"start":{"line":112,"column":3},"end":{"line":117,"column":4}},"type":"if","locations":[{"start":{"line":112,"column":3},"end":{"line":117,"column":4}},{"start":{"line":114,"column":10},"end":{"line":117,"column":4}}],"line":112},"13":{"loc":{"start":{"line":120,"column":2},"end":{"line":125,"column":3}},"type":"if","locations":[{"start":{"line":120,"column":2},"end":{"line":125,"column":3}},{"start":{"line":122,"column":9},"end":{"line":125,"column":3}}],"line":120},"14":{"loc":{"start":{"line":127,"column":2},"end":{"line":129,"column":3}},"type":"if","locations":[{"start":{"line":127,"column":2},"end":{"line":129,"column":3}},{"start":{},"end":{}}],"line":127}},"s":{"0":18,"1":18,"2":53,"3":53,"4":53,"5":13,"6":6,"7":7,"8":7,"9":7,"10":8,"11":7,"12":2,"13":2,"14":4,"15":1,"16":3,"17":3,"18":2,"19":1,"20":1,"21":4,"22":1,"23":3,"24":3,"25":2,"26":1,"27":1,"28":1,"29":1,"30":1,"31":1,"32":1,"33":1,"34":1,"35":1,"36":7,"37":3,"38":1,"39":1,"40":2,"41":2,"42":4,"43":2,"44":1,"45":1,"46":1,"47":1,"48":2,"49":1,"50":1,"51":1,"52":1,"53":7,"54":1,"55":0,"56":0,"57":0,"58":0,"59":1,"60":0,"61":1,"62":1,"63":1,"64":1,"65":1,"66":0,"67":0,"68":0,"69":0,"70":0,"71":0,"72":1,"73":1,"74":1,"75":1,"76":1,"77":3,"78":3,"79":1,"80":3,"81":3,"82":1,"83":1,"84":1,"85":1,"86":1,"87":54,"88":54,"89":1,"90":17,"91":17,"92":17,"93":50,"94":17,"95":1},"f":{"0":18,"1":53,"2":13,"3":2,"4":4,"5":4,"6":1,"7":0,"8":1,"9":54,"10":17},"b":{"0":[6,7],"1":[13,9],"2":[1,3],"3":[2,1],"4":[1,3],"5":[2,1],"6":[3,4],"7":[1,2],"8":[2,2],"9":[1,1],"10":[1,1],"11":[0,1],"12":[0,0],"13":[0,1],"14":[1,0]},"_coverageSchema":"1a1c01bbd47fc00a2c39e90264f33305004495a9","hash":"a1cde2cdf459fe9cf4cc7c29c20e23dd32e2560a"}
}
