TN:
SF:linked-list.js
FN:2,(anonymous_0)
FN:7,(anonymous_1)
FN:13,(anonymous_2)
FN:23,(anonymous_3)
FN:28,(anonymous_4)
FN:37,(anonymous_5)
FN:72,(anonymous_6)
FN:134,(anonymous_7)
FN:152,sumListReverse
FN:176,(anonymous_9)
FN:182,(anonymous_10)
FNF:11
FNH:10
FNDA:18,(anonymous_0)
FNDA:53,(anonymous_1)
FNDA:13,(anonymous_2)
FNDA:2,(anonymous_3)
FNDA:4,(anonymous_4)
FNDA:4,(anonymous_5)
FNDA:1,(anonymous_6)
FNDA:0,(anonymous_7)
FNDA:1,sumListReverse
FNDA:54,(anonymous_9)
FNDA:17,(anonymous_10)
DA:3,18
DA:4,18
DA:8,53
DA:9,53
DA:10,53
DA:14,13
DA:16,7
DA:17,7
DA:18,8
DA:20,7
DA:24,2
DA:25,2
DA:29,4
DA:30,3
DA:31,3
DA:33,1
DA:34,1
DA:38,4
DA:39,3
DA:40,3
DA:41,1
DA:42,1
DA:73,1
DA:74,1
DA:75,1
DA:76,1
DA:77,1
DA:78,1
DA:80,1
DA:82,1
DA:83,7
DA:84,3
DA:85,1
DA:86,1
DA:88,2
DA:89,2
DA:91,4
DA:92,2
DA:93,1
DA:94,1
DA:96,1
DA:97,1
DA:100,2
DA:101,1
DA:102,1
DA:104,1
DA:105,1
DA:108,7
DA:111,1
DA:112,0
DA:113,0
DA:115,0
DA:116,0
DA:120,1
DA:121,0
DA:123,1
DA:124,1
DA:127,1
DA:128,1
DA:131,1
DA:135,0
DA:136,0
DA:137,0
DA:138,0
DA:139,0
DA:141,0
DA:153,1
DA:154,1
DA:155,1
DA:156,1
DA:158,1
DA:159,3
DA:160,3
DA:162,1
DA:163,3
DA:164,3
DA:166,1
DA:167,1
DA:169,1
DA:170,1
DA:172,1
DA:177,54
DA:178,54
DA:182,1
DA:183,17
DA:184,17
DA:185,50
DA:187,17
DA:190,1
LF:89
LH:78
BRDA:14,0,0,6
BRDA:14,0,1,7
BRDA:14,1,0,13
BRDA:14,1,1,9
BRDA:29,2,0,1
BRDA:29,2,1,3
BRDA:31,3,0,2
BRDA:31,3,1,1
BRDA:38,4,0,1
BRDA:38,4,1,3
BRDA:40,5,0,2
BRDA:40,5,1,1
BRDA:83,6,0,3
BRDA:83,6,1,4
BRDA:84,7,0,1
BRDA:84,7,1,2
BRDA:91,8,0,2
BRDA:91,8,1,2
BRDA:92,9,0,1
BRDA:92,9,1,1
BRDA:100,10,0,1
BRDA:100,10,1,1
BRDA:111,11,0,0
BRDA:111,11,1,1
BRDA:112,12,0,0
BRDA:112,12,1,0
BRDA:120,13,0,0
BRDA:120,13,1,1
BRDA:127,14,0,1
BRDA:127,14,1,0
BRF:30
BRH:25
end_of_record
