TN:
SF:linked-list.js
FN:2,(anonymous_0)
FN:7,(anonymous_1)
FN:13,(anonymous_2)
FN:23,(anonymous_3)
FN:28,(anonymous_4)
FN:37,(anonymous_5)
FN:72,(anonymous_6)
FN:146,(anonymous_7)
FN:164,sumListReverse
FN:187,(anonymous_9)
FN:193,(anonymous_10)
FNF:11
FNH:10
FNDA:18,(anonymous_0)
FNDA:53,(anonymous_1)
FNDA:13,(anonymous_2)
FNDA:2,(anonymous_3)
FNDA:4,(anonymous_4)
FNDA:4,(anonymous_5)
FNDA:1,(anonymous_6)
FNDA:0,(anonymous_7)
FNDA:1,sumListReverse
FNDA:54,(anonymous_9)
FNDA:17,(anonymous_10)
DA:3,18
DA:4,18
DA:8,53
DA:9,53
DA:10,53
DA:14,13
DA:16,7
DA:17,7
DA:18,8
DA:20,7
DA:24,2
DA:25,2
DA:29,4
DA:30,3
DA:31,3
DA:33,1
DA:34,1
DA:38,4
DA:39,3
DA:40,3
DA:41,1
DA:42,1
DA:73,1
DA:74,1
DA:75,1
DA:76,1
DA:77,1
DA:78,1
DA:80,1
DA:82,1
DA:83,7
DA:88,3
DA:89,1
DA:90,1
DA:92,2
DA:93,2
DA:95,4
DA:100,2
DA:101,1
DA:102,1
DA:104,1
DA:105,1
DA:112,2
DA:113,1
DA:114,1
DA:116,1
DA:117,1
DA:120,7
DA:123,1
DA:124,0
DA:125,0
DA:127,0
DA:128,0
DA:132,1
DA:133,0
DA:135,1
DA:136,1
DA:139,1
DA:140,1
DA:143,1
DA:147,0
DA:148,0
DA:149,0
DA:150,0
DA:151,0
DA:153,0
DA:165,1
DA:166,1
DA:167,1
DA:168,1
DA:170,1
DA:171,3
DA:172,3
DA:173,3
DA:174,3
DA:177,1
DA:178,1
DA:180,1
DA:181,1
DA:183,1
DA:188,54
DA:189,54
DA:193,1
DA:194,17
DA:195,17
DA:196,50
DA:198,17
DA:201,1
LF:88
LH:77
BRDA:14,0,0,6
BRDA:14,0,1,7
BRDA:14,1,0,13
BRDA:14,1,1,9
BRDA:29,2,0,1
BRDA:29,2,1,3
BRDA:31,3,0,2
BRDA:31,3,1,1
BRDA:38,4,0,1
BRDA:38,4,1,3
BRDA:40,5,0,2
BRDA:40,5,1,1
BRDA:83,6,0,3
BRDA:83,6,1,4
BRDA:88,7,0,1
BRDA:88,7,1,2
BRDA:95,8,0,2
BRDA:95,8,1,2
BRDA:100,9,0,1
BRDA:100,9,1,1
BRDA:112,10,0,1
BRDA:112,10,1,1
BRDA:123,11,0,0
BRDA:123,11,1,1
BRDA:124,12,0,0
BRDA:124,12,1,0
BRDA:132,13,0,0
BRDA:132,13,1,1
BRDA:139,14,0,1
BRDA:139,14,1,0
BRDA:170,15,0,4
BRDA:170,15,1,3
BRF:32
BRH:27
end_of_record
